> training arguments:
>>> train_batch_size: 32
>>> test_batch_size: 32
>>> num_epoch: 10
>>> lr: 0.0001
>>> weight_decay: 0.01
>>> device: cpu
>>> backend: False
>>> workers: 0
>>> timestamp: 1700382489475
>>> index: 0
>>> log_name: My model_23-11-19_16-28-08.log
> training arguments:
>>> train_batch_size: 32
>>> test_batch_size: 32
>>> num_epoch: 10
>>> lr: 0.0001
>>> weight_decay: 0.01
>>> device: cpu
>>> backend: False
>>> workers: 0
>>> timestamp: 1700382749376
>>> index: 0
>>> log_name: My model_23-11-19_16-32-28.log
> training arguments:
>>> train_batch_size: 32
>>> test_batch_size: 32
>>> num_epoch: 10
>>> lr: 0.0001
>>> weight_decay: 0.01
>>> device: cpu
>>> backend: False
>>> workers: 0
>>> timestamp: 1700382822360
>>> index: 0
>>> log_name: My model_23-11-19_16-33-42.log
