> training arguments:
>>> train_batch_size: 32
>>> test_batch_size: 32
>>> num_epoch: 20
>>> lr: 0.0001
>>> weight_decay: 0.01
>>> device: cpu
>>> backend: False
>>> workers: 0
>>> timestamp: 1700319797515
>>> index: 0
>>> log_name: My model_23-11-18_23-03-16.log
1/20 - 5.00%
[train] loss: 1.6813, acc: 50.43
[test] loss: 0.6276, acc: 79.17
2/20 - 10.00%
[train] loss: 0.2909, acc: 92.88
[test] loss: 0.3243, acc: 85.42
3/20 - 15.00%
[train] loss: 0.0658, acc: 98.52
[test] loss: 0.0561, acc: 98.61
4/20 - 20.00%
[train] loss: 0.0021, acc: 100.00
[test] loss: 0.0128, acc: 99.65
5/20 - 25.00%
[train] loss: 0.0002, acc: 100.00
[test] loss: 0.0078, acc: 99.65
6/20 - 30.00%
[train] loss: 0.0001, acc: 100.00
[test] loss: 0.0053, acc: 99.65
7/20 - 35.00%
[train] loss: 0.0000, acc: 100.00
[test] loss: 0.0050, acc: 99.65
8/20 - 40.00%
[train] loss: 0.0000, acc: 100.00
[test] loss: 0.0040, acc: 99.65
